Syslog logging: enabled (0 messages dropped, 2 messages rate-limited, 0 flushes, 0 overruns, xml disabled, filtering disabled)

No Active Message Discriminator.



No Inactive Message Discriminator.


    Console logging: level debugging, 28 messages logged, xml disabled,
                     filtering disabled
    Monitor logging: level debugging, 0 messages logged, xml disabled,
                     filtering disabled
    Buffer logging:  level debugging, 28 messages logged, xml disabled,
                    filtering disabled
    Exception Logging: size (8192 bytes)
    Count and timestamp logging messages: disabled
    Persistent logging: disabled

No active filter modules.

    Trap logging: level informational, 31 message lines logged
        Logging Source-Interface:       VRF Name:

Log Buffer (8192 bytes):

*Apr 24 00:01:25.059: %IFMGR-7-NO_IFINDEX_FILE: Unable to open nvram:/ifIndex-table No such file or directory
*Apr 24 00:01:35.327: %LINEPROTO-5-UPDOWN: Line protocol on Interface VoIP-Null0, changed state to up
*Apr 24 00:01:35.335: %LINK-3-UPDOWN: Interface FastEthernet0/0, changed state to up
*Apr 24 00:01:35.343: %LINK-3-UPDOWN: Interface FastEthernet1/0, changed state to up
*Apr 24 00:01:35.351: %LINK-3-UPDOWN: Interface FastEthernet1/1, changed state to up
*Apr 24 00:01:35.359: %LINK-3-UPDOWN: Interface GigabitEthernet2/0, changed state to up
*Apr 24 00:01:36.487 UTC: %SYS-5-CONFIG_I: Configured from memory by console
*Apr 24 00:01:36.811 UTC: %LINEPROTO-5-UPDOWN: Line protocol on Interface FastEthernet0/0, changed state to up
*Apr 24 00:01:36.815 UTC: %LINEPROTO-5-UPDOWN: Line protocol on Interface FastEthernet1/0, changed state to up
*Apr 24 00:01:36.819 UTC: %LINEPROTO-5-UPDOWN: Line protocol on Interface FastEthernet1/1, changed state to up
*Apr 24 00:01:36.819 UTC: %LINEPROTO-5-UPDOWN: Line protocol on Interface GigabitEthernet2/0, changed state to up
*Apr 24 00:01:37.187 UTC: %SYS-5-RESTART: System restarted --
Cisco IOS Software, 7200 Software (C7200-ADVENTERPRISEK9-M), Version 15.2(4)M7, RELEASE SOFTWARE (fc2)
Technical Support: http://www.cisco.com/techsupport
Copyright (c) 1986-2014 by Cisco Systems, Inc.
Compiled Thu 25-Sep-14 10:36 by prod_rel_team
*Apr 24 00:01:37.235 UTC: %SNMP-5-COLDSTART: SNMP agent on host R3 is undergoing a cold start
*Apr 24 00:01:37.355 UTC: %SSH-5-ENABLED: SSH 2.0 has been enabled
*Apr 24 00:01:37.371 UTC: %LINEPROTO-5-UPDOWN: Line protocol on Interface Loopback1, changed state to up
*Apr 24 00:01:37.491 UTC: %CRYPTO-6-ISAKMP_ON_OFF: ISAKMP is OFF
*Apr 24 00:01:37.491 UTC: %CRYPTO-6-GDOI_ON_OFF: GDOI is OFF
*Apr 24 00:01:45.747 UTC: %BGP-5-ADJCHANGE: neighbor 5.5.5.5 Up 
*Apr 24 00:01:46.771 UTC: %BGP-5-ADJCHANGE: neighbor 6.6.6.6 Up 
*Apr 24 00:01:47.083 UTC: %BGP-5-ADJCHANGE: neighbor 4.4.4.4 Up 
*Apr 24 00:28:06.595 UTC: %SSH-3-NO_MATCH: No matching cipher found: client chacha20-poly1305@openssh.com,aes128-ctr,aes192-ctr,aes256-ctr,aes128-gcm@openssh.com,aes256-gcm@openssh.com server aes128-cbc,3des-cbc,aes192-cbc,aes256-cbc
*Apr 24 00:36:56.959 UTC: %SYS-5-CONFIG_I: Configured from console by team on vty0 (198.51.100.2)
*Apr 24 00:37:46.259 UTC: %SYS-5-CONFIG_I: Configured from console by team on vty0 (198.51.100.2)
*Apr 24 01:31:13.043 UTC: %SYS-5-CONFIG_I: Configured from console by team on vty0 (198.51.100.2)
*Apr 24 01:36:02.327 UTC: %SYS-5-CONFIG_I: Configured from console by team on vty0 (198.51.100.2)
*Apr 24 01:59:45.407 UTC: %SYS-5-CONFIG_I: Configured from console by team on vty0 (198.51.100.2)
*Apr 24 02:00:53.835 UTC: %SYS-5-CONFIG_I: Configured from console by team on vty0 (198.51.100.2)
*Apr 24 02:12:38.403 UTC: %SYS-5-CONFIG_I: Configured from console by team on vty0 (198.51.100.2)