Syslog logging: enabled (0 messages dropped, 2 messages rate-limited, 0 flushes, 0 overruns, xml disabled, filtering disabled)

No Active Message Discriminator.



No Inactive Message Discriminator.


    Console logging: level debugging, 33 messages logged, xml disabled,
                     filtering disabled
    Monitor logging: level debugging, 0 messages logged, xml disabled,
                     filtering disabled
    Buffer logging:  level debugging, 33 messages logged, xml disabled,
                    filtering disabled
    Exception Logging: size (8192 bytes)
    Count and timestamp logging messages: disabled
    Persistent logging: disabled

No active filter modules.

    Trap logging: level informational, 36 message lines logged
        Logging Source-Interface:       VRF Name:

Log Buffer (8192 bytes):

*Apr 24 00:01:25.063: %IFMGR-7-NO_IFINDEX_FILE: Unable to open nvram:/ifIndex-table No such file or directory
*Apr 24 00:01:35.199: %LINEPROTO-5-UPDOWN: Line protocol on Interface VoIP-Null0, changed state to up
*Apr 24 00:01:35.207: %LINK-3-UPDOWN: Interface FastEthernet0/0, changed state to up
*Apr 24 00:01:35.215: %LINK-3-UPDOWN: Interface FastEthernet1/0, changed state to up
*Apr 24 00:01:35.223: %LINK-3-UPDOWN: Interface FastEthernet1/1, changed state to up
*Apr 24 00:01:35.231: %LINK-3-UPDOWN: Interface GigabitEthernet2/0, changed state to up
*Apr 24 00:01:35.239: %LINK-3-UPDOWN: Interface FastEthernet3/0, changed state to up
*Apr 24 00:01:35.247: %LINK-3-UPDOWN: Interface FastEthernet3/1, changed state to up
*Apr 24 00:01:36.543 UTC: %SYS-5-CONFIG_I: Configured from memory by console
*Apr 24 00:01:36.983 UTC: %LINEPROTO-5-UPDOWN: Line protocol on Interface FastEthernet0/0, changed state to up
*Apr 24 00:01:36.987 UTC: %LINEPROTO-5-UPDOWN: Line protocol on Interface FastEthernet1/0, changed state to up
*Apr 24 00:01:36.987 UTC: %LINEPROTO-5-UPDOWN: Line protocol on Interface FastEthernet1/1, changed state to up
*Apr 24 00:01:36.991 UTC: %LINEPROTO-5-UPDOWN: Line protocol on Interface GigabitEthernet2/0, changed state to up
*Apr 24 00:01:36.991 UTC: %LINEPROTO-5-UPDOWN: Line protocol on Interface FastEthernet3/0, changed state to up
*Apr 24 00:01:36.991 UTC: %LINEPROTO-5-UPDOWN: Line protocol on Interface FastEthernet3/1, changed state to down
*Apr 24 00:01:36.991 UTC: %LINEPROTO-5-UPDOWN: Line protocol on Interface Loopback1, changed state to up
*Apr 24 00:01:37.331 UTC: %SYS-5-RESTART: System restarted --
Cisco IOS Software, 7200 Software (C7200-ADVENTERPRISEK9-M), Version 15.2(4)M7, RELEASE SOFTWARE (fc2)
Technical Support: http://www.cisco.com/techsupport
Copyright (c) 1986-2014 by Cisco Systems, Inc.
Compiled Thu 25-Sep-14 10:36 by prod_rel_team
*Apr 24 00:01:37.379 UTC: %SNMP-5-COLDSTART: SNMP agent on host R5 is undergoing a cold start
*Apr 24 00:01:37.527 UTC: %SSH-5-ENABLED: SSH 2.0 has been enabled
*Apr 24 00:01:37.787 UTC: %CRYPTO-6-ISAKMP_ON_OFF: ISAKMP is OFF
*Apr 24 00:01:37.791 UTC: %CRYPTO-6-GDOI_ON_OFF: GDOI is OFF
*Apr 24 00:01:38.175 UTC: %LINK-5-CHANGED: Interface FastEthernet3/1, changed state to administratively down
*Apr 24 00:01:45.155 UTC: %BGP-5-ADJCHANGE: neighbor 2.2.2.2 Up 
*Apr 24 00:01:45.163 UTC: %BGP-5-ADJCHANGE: neighbor 1.1.1.1 Up 
*Apr 24 00:01:45.707 UTC: %BGP-5-ADJCHANGE: neighbor 3.3.3.3 Up 
*Apr 24 00:01:49.159 UTC: %BGP-5-ADJCHANGE: neighbor 8.8.8.8 Up 
*Apr 24 00:37:05.207 UTC: %SYS-5-CONFIG_I: Configured from console by team on vty0 (198.51.100.2)
*Apr 24 00:37:56.511 UTC: %SYS-5-CONFIG_I: Configured from console by team on vty0 (198.51.100.2)
*Apr 24 01:31:17.623 UTC: %SYS-5-CONFIG_I: Configured from console by team on vty0 (198.51.100.2)
*Apr 24 01:36:07.051 UTC: %SYS-5-CONFIG_I: Configured from console by team on vty0 (198.51.100.2)
*Apr 24 01:59:50.203 UTC: %SYS-5-CONFIG_I: Configured from console by team on vty0 (198.51.100.2)
*Apr 24 02:00:58.559 UTC: %SYS-5-CONFIG_I: Configured from console by team on vty0 (198.51.100.2)
*Apr 24 02:12:43.007 UTC: %SYS-5-CONFIG_I: Configured from console by team on vty0 (198.51.100.2)