Syslog logging: enabled (0 messages dropped, 2 messages rate-limited, 0 flushes, 0 overruns, xml disabled, filtering disabled)

No Active Message Discriminator.



No Inactive Message Discriminator.


    Console logging: level debugging, 27 messages logged, xml disabled,
                     filtering disabled
    Monitor logging: level debugging, 0 messages logged, xml disabled,
                     filtering disabled
    Buffer logging:  level debugging, 27 messages logged, xml disabled,
                    filtering disabled
    Exception Logging: size (8192 bytes)
    Count and timestamp logging messages: disabled
    Persistent logging: disabled

No active filter modules.

    Trap logging: level informational, 30 message lines logged
        Logging Source-Interface:       VRF Name:

Log Buffer (8192 bytes):

*Apr 24 00:01:26.051: %IFMGR-7-NO_IFINDEX_FILE: Unable to open nvram:/ifIndex-table No such file or directory
*Apr 24 00:01:36.463: %LINEPROTO-5-UPDOWN: Line protocol on Interface VoIP-Null0, changed state to up
*Apr 24 00:01:36.471: %LINK-3-UPDOWN: Interface FastEthernet0/0, changed state to up
*Apr 24 00:01:36.475: %LINK-3-UPDOWN: Interface FastEthernet1/0, changed state to up
*Apr 24 00:01:36.483: %LINK-3-UPDOWN: Interface FastEthernet1/1, changed state to up
*Apr 24 00:01:36.491: %LINK-3-UPDOWN: Interface GigabitEthernet2/0, changed state to up
*Apr 24 00:01:37.647 UTC: %LINEPROTO-5-UPDOWN: Line protocol on Interface FastEthernet0/0, changed state to up
*Apr 24 00:01:37.651 UTC: %LINEPROTO-5-UPDOWN: Line protocol on Interface FastEthernet1/0, changed state to up
*Apr 24 00:01:37.655 UTC: %LINEPROTO-5-UPDOWN: Line protocol on Interface FastEthernet1/1, changed state to up
*Apr 24 00:01:37.655 UTC: %LINEPROTO-5-UPDOWN: Line protocol on Interface GigabitEthernet2/0, changed state to up
*Apr 24 00:01:38.599 UTC: %LINEPROTO-5-UPDOWN: Line protocol on Interface Loopback1, changed state to up
*Apr 24 00:01:38.851 UTC: %SYS-5-CONFIG_I: Configured from memory by console
*Apr 24 00:01:39.559 UTC: %SYS-5-RESTART: System restarted --
Cisco IOS Software, 7200 Software (C7200-ADVENTERPRISEK9-M), Version 15.2(4)M7, RELEASE SOFTWARE (fc2)
Technical Support: http://www.cisco.com/techsupport
Copyright (c) 1986-2014 by Cisco Systems, Inc.
Compiled Thu 25-Sep-14 10:36 by prod_rel_team
*Apr 24 00:01:39.651 UTC: %SNMP-5-COLDSTART: SNMP agent on host R8 is undergoing a cold start
*Apr 24 00:01:39.835 UTC: %SSH-5-ENABLED: SSH 2.0 has been enabled
*Apr 24 00:01:40.027 UTC: %CRYPTO-6-ISAKMP_ON_OFF: ISAKMP is OFF
*Apr 24 00:01:40.027 UTC: %CRYPTO-6-GDOI_ON_OFF: GDOI is OFF
*Apr 24 00:01:40.187 UTC: %LINK-5-CHANGED: Interface FastEthernet1/1, changed state to administratively down
*Apr 24 00:01:41.187 UTC: %LINEPROTO-5-UPDOWN: Line protocol on Interface FastEthernet1/1, changed state to down
*Apr 24 00:01:49.915 UTC: %BGP-5-ADJCHANGE: neighbor 5.5.5.5 Up 
*Apr 24 00:37:18.931 UTC: %SYS-5-CONFIG_I: Configured from console by team on vty0 (198.51.100.2)
*Apr 24 00:38:12.911 UTC: %SYS-5-CONFIG_I: Configured from console by team on vty0 (198.51.100.2)
*Apr 24 01:31:25.507 UTC: %SYS-5-CONFIG_I: Configured from console by team on vty0 (198.51.100.2)
*Apr 24 01:36:14.551 UTC: %SYS-5-CONFIG_I: Configured from console by team on vty0 (198.51.100.2)
*Apr 24 01:59:58.047 UTC: %SYS-5-CONFIG_I: Configured from console by team on vty0 (198.51.100.2)
*Apr 24 02:01:06.347 UTC: %SYS-5-CONFIG_I: Configured from console by team on vty0 (198.51.100.2)
*Apr 24 02:12:50.775 UTC: %SYS-5-CONFIG_I: Configured from console by team on vty0 (198.51.100.2)